Arguments: 
  /home/jv/.nvm/versions/node/v14.9.0/bin/node /usr/share/yarn/bin/yarn.js run

PATH: 
  /home/jv/.nvm/versions/node/v14.9.0/bin:/usr/local/sbin:/usr/local/bin:/usr/sbin:/usr/bin:/sbin:/bin:/usr/games:/usr/local/games:/mnt/c/WINDOWS/system32:/mnt/c/WINDOWS:/mnt/c/WINDOWS/System32/Wbem:/mnt/c/WINDOWS/System32/WindowsPowerShell/v1.0/:/mnt/c/WINDOWS/System32/OpenSSH/:/mnt/c/Program Files (x86)/Windows Kits/8.1/Windows Performance Toolkit/:/mnt/c/Program Files/Microsoft VS Code/bin:/mnt/c/nodejs/:/mnt/c/HashiCorp/Vagrant/bin:/mnt/c/Program Files/PowerShell/7/:/mnt/c/Program Files/NVIDIA Corporation/NVIDIA NvDLISR:/mnt/c/Program Files (x86)/NVIDIA Corporation/PhysX/Common:/mnt/c/WINDOWS/system32:/mnt/c/WINDOWS:/mnt/c/WINDOWS/System32/Wbem:/mnt/c/WINDOWS/System32/WindowsPowerShell/v1.0/:/mnt/c/WINDOWS/System32/OpenSSH/:/mnt/c/Program Files/Mullvad VPN/resources:/mnt/c/Users/jv/AppData/Local/Microsoft/WindowsApps:/mnt/c/Users/jv/AppData/Roaming/npm:/snap/bin

Yarn version: 
  1.22.5

Node version: 
  14.9.0

Platform: 
  linux x64

Trace: 
  Invariant Violation: Action must exists
      at invariant (/usr/share/yarn/lib/cli.js:2314:15)
      at Object.<anonymous> (/usr/share/yarn/lib/cli.js:62561:9)
      at Generator.next (<anonymous>)
      at step (/usr/share/yarn/lib/cli.js:310:30)
      at /usr/share/yarn/lib/cli.js:321:13

npm manifest: 
  {
    "name": "kata",
    "version": "0.0.1",
    "description": "JS programming kata",
    "main": "index.js",
    "scripts": {
      "test": "",
      "writeFile": "node ./writeFile/index.js",
      "fib": "node ./fibonacci/index.js"
    },
    "repository": {
      "type": "git",
      "url": "git+https://github.com/Forwardslash-development/katas.git"
    },
    "author": "jv",
    "license": "ISC",
    "bugs": {
      "url": "https://github.com/Forwardslash-development/katas/issues"
    },
    "homepage": "https://github.com/Forwardslash-development/katas#readme"
  }

yarn manifest: 
  No manifest

Lockfile: 
  No lockfile
